2015/03/10 09:33:13 [notice] 7959#0: using the "epoll" event method
2015/03/10 09:33:13 [notice] 7959#0: nginx/1.2.9
2015/03/10 09:33:13 [notice] 7959#0: built by gcc 4.8.2 (Ubuntu 4.8.2-19ubuntu1) 
2015/03/10 09:33:13 [notice] 7959#0: OS: Linux 3.13.0-44-generic
2015/03/10 09:33:13 [notice] 7959#0: getrlimit(RLIMIT_NOFILE): 1024:4096
2015/03/10 09:33:13 [notice] 7960#0: start worker processes
2015/03/10 09:33:13 [notice] 7960#0: start worker process 7961
2015/03/10 09:33:13 [notice] 7960#0: start worker process 7962
2015/03/10 09:33:13 [notice] 7960#0: start worker process 7963
2015/03/10 09:33:13 [notice] 7960#0: start worker process 7964
2015/03/10 09:33:13 [notice] 7960#0: start worker process 7965
2015/03/10 09:33:13 [notice] 7960#0: start worker process 7966
2015/03/10 09:33:13 [notice] 7960#0: start worker process 7967
2015/03/10 09:33:13 [notice] 7960#0: start worker process 7968
2015/03/10 09:33:13 [notice] 7960#0: start worker process 7969
2015/03/10 09:33:13 [notice] 7960#0: start worker process 7970
2015/03/10 09:33:13 [notice] 7960#0: start worker process 7971
2015/03/10 09:33:13 [notice] 7960#0: start worker process 7972
2015/03/10 09:33:13 [notice] 7960#0: start worker process 7973
2015/03/10 09:33:13 [notice] 7960#0: start worker process 7974
2015/03/10 09:33:13 [notice] 7960#0: start worker process 7975
2015/03/10 09:33:13 [notice] 7960#0: start worker process 7976
2015/03/10 09:33:13 [notice] 7960#0: start worker process 7977
2015/03/10 09:33:13 [notice] 7960#0: start worker process 7978
2015/03/10 09:33:13 [notice] 7960#0: start worker process 7979
2015/03/10 09:33:13 [notice] 7960#0: start worker process 7980
2015/03/10 09:33:41 [error] 7969#0: *1 open() "/home/archer/Documents/NginxBigFile/src/nginx-1.2.9/html/favicon.ico" failed (2: No such file or directory), client: 127.0.0.1, server: , request: "GET /favicon.ico HTTP/1.1", host: "localhost:8888"
2015/03/10 09:34:41 [error] 7969#0: *1 connect() failed (111: Connection refused) while connecting to upstream, client: 127.0.0.1, server: , request: "POST /upload HTTP/1.1", upstream: "http://127.0.0.1:8080/upload", host: "localhost:8888"
2015/03/10 09:40:14 [notice] 7960#0: signal 15 (SIGTERM) received, exiting
2015/03/10 09:40:14 [notice] 7966#0: signal 15 (SIGTERM) received, exiting
2015/03/10 09:40:14 [notice] 7965#0: signal 15 (SIGTERM) received, exiting
2015/03/10 09:40:14 [notice] 7963#0: signal 15 (SIGTERM) received, exiting
2015/03/10 09:40:14 [notice] 7966#0: exiting
2015/03/10 09:40:14 [notice] 7965#0: exiting
2015/03/10 09:40:14 [notice] 7963#0: exiting
2015/03/10 09:40:14 [notice] 7965#0: exit
2015/03/10 09:40:14 [notice] 7966#0: exit
2015/03/10 09:40:14 [notice] 7963#0: exit
2015/03/10 09:40:14 [notice] 7980#0: exiting
2015/03/10 09:40:14 [notice] 7980#0: exit
2015/03/10 09:40:14 [notice] 7960#0: signal 17 (SIGCHLD) received
2015/03/10 09:40:14 [notice] 7960#0: worker process 7963 exited with code 0
2015/03/10 09:40:14 [notice] 7960#0: worker process 7980 exited with code 0
2015/03/10 09:40:14 [notice] 7975#0: signal 15 (SIGTERM) received, exiting
2015/03/10 09:40:14 [notice] 7975#0: exiting
2015/03/10 09:40:14 [notice] 7960#0: signal 29 (SIGIO) received
2015/03/10 09:40:14 [notice] 7960#0: signal 17 (SIGCHLD) received
2015/03/10 09:40:14 [notice] 7975#0: exit
2015/03/10 09:40:14 [notice] 7964#0: signal 15 (SIGTERM) received, exiting
2015/03/10 09:40:14 [notice] 7964#0: exiting
2015/03/10 09:40:14 [notice] 7964#0: exit
2015/03/10 09:40:14 [notice] 7960#0: signal 17 (SIGCHLD) received
2015/03/10 09:40:14 [notice] 7960#0: worker process 7975 exited with code 0
2015/03/10 09:40:14 [notice] 7962#0: signal 15 (SIGTERM) received, exiting
2015/03/10 09:40:14 [notice] 7962#0: exiting
2015/03/10 09:40:14 [notice] 7960#0: signal 29 (SIGIO) received
2015/03/10 09:40:14 [notice] 7962#0: exit
2015/03/10 09:40:14 [notice] 7960#0: signal 17 (SIGCHLD) received
2015/03/10 09:40:14 [notice] 7960#0: worker process 7964 exited with code 0
2015/03/10 09:40:14 [notice] 7960#0: signal 29 (SIGIO) received
2015/03/10 09:40:14 [notice] 7969#0: signal 15 (SIGTERM) received, exiting
2015/03/10 09:40:14 [notice] 7969#0: exiting
2015/03/10 09:40:14 [notice] 7969#0: exit
2015/03/10 09:40:14 [notice] 7960#0: signal 17 (SIGCHLD) received
2015/03/10 09:40:14 [notice] 7960#0: worker process 7962 exited with code 0
2015/03/10 09:40:14 [notice] 7961#0: signal 15 (SIGTERM) received, exiting
2015/03/10 09:40:14 [notice] 7961#0: exiting
2015/03/10 09:40:14 [notice] 7960#0: signal 29 (SIGIO) received
2015/03/10 09:40:14 [notice] 7961#0: exit
2015/03/10 09:40:14 [notice] 7960#0: signal 17 (SIGCHLD) received
2015/03/10 09:40:14 [notice] 7960#0: worker process 7966 exited with code 0
2015/03/10 09:40:14 [notice] 7960#0: signal 29 (SIGIO) received
2015/03/10 09:40:14 [notice] 7960#0: signal 17 (SIGCHLD) received
2015/03/10 09:40:14 [notice] 7960#0: worker process 7969 exited with code 0
2015/03/10 09:40:14 [notice] 7974#0: signal 15 (SIGTERM) received, exiting
2015/03/10 09:40:14 [notice] 7960#0: signal 29 (SIGIO) received
2015/03/10 09:40:14 [notice] 7974#0: exiting
2015/03/10 09:40:14 [notice] 7974#0: exit
2015/03/10 09:40:14 [notice] 7960#0: signal 17 (SIGCHLD) received
2015/03/10 09:40:14 [notice] 7960#0: worker process 7961 exited with code 0
2015/03/10 09:40:14 [notice] 7967#0: signal 15 (SIGTERM) received, exiting
2015/03/10 09:40:14 [notice] 7967#0: exiting
2015/03/10 09:40:14 [notice] 7960#0: signal 29 (SIGIO) received
2015/03/10 09:40:14 [notice] 7960#0: signal 17 (SIGCHLD) received
2015/03/10 09:40:14 [notice] 7967#0: exit
2015/03/10 09:40:14 [notice] 7960#0: worker process 7965 exited with code 0
2015/03/10 09:40:14 [notice] 7960#0: signal 29 (SIGIO) received
2015/03/10 09:40:14 [notice] 7977#0: signal 15 (SIGTERM) received, exiting
2015/03/10 09:40:14 [notice] 7977#0: exiting
2015/03/10 09:40:14 [notice] 7978#0: signal 15 (SIGTERM) received, exiting
2015/03/10 09:40:14 [notice] 7977#0: exit
2015/03/10 09:40:14 [notice] 7978#0: exiting
2015/03/10 09:40:14 [notice] 7960#0: signal 17 (SIGCHLD) received
2015/03/10 09:40:14 [notice] 7978#0: exit
2015/03/10 09:40:14 [notice] 7979#0: signal 15 (SIGTERM) received, exiting
2015/03/10 09:40:14 [notice] 7960#0: worker process 7974 exited with code 0
2015/03/10 09:40:14 [notice] 7979#0: exiting
2015/03/10 09:40:14 [notice] 7960#0: signal 29 (SIGIO) received
2015/03/10 09:40:14 [notice] 7960#0: signal 17 (SIGCHLD) received
2015/03/10 09:40:14 [notice] 7971#0: signal 15 (SIGTERM) received, exiting
2015/03/10 09:40:14 [notice] 7960#0: worker process 7967 exited with code 0
2015/03/10 09:40:14 [notice] 7979#0: exit
2015/03/10 09:40:14 [notice] 7971#0: exiting
2015/03/10 09:40:14 [notice] 7960#0: signal 29 (SIGIO) received
2015/03/10 09:40:14 [notice] 7971#0: exit
2015/03/10 09:40:14 [notice] 7976#0: signal 15 (SIGTERM) received, exiting
2015/03/10 09:40:14 [notice] 7960#0: signal 17 (SIGCHLD) received
2015/03/10 09:40:14 [notice] 7960#0: worker process 7978 exited with code 0
2015/03/10 09:40:14 [notice] 7976#0: exiting
2015/03/10 09:40:14 [notice] 7960#0: worker process 7979 exited with code 0
2015/03/10 09:40:14 [notice] 7970#0: signal 15 (SIGTERM) received, exiting
2015/03/10 09:40:14 [notice] 7960#0: worker process 7971 exited with code 0
2015/03/10 09:40:14 [notice] 7976#0: exit
2015/03/10 09:40:14 [notice] 7970#0: exiting
2015/03/10 09:40:14 [notice] 7970#0: exit
2015/03/10 09:40:14 [notice] 7960#0: signal 29 (SIGIO) received
2015/03/10 09:40:14 [notice] 7960#0: signal 17 (SIGCHLD) received
2015/03/10 09:40:14 [notice] 7960#0: signal 17 (SIGCHLD) received
2015/03/10 09:40:14 [notice] 7960#0: worker process 7977 exited with code 0
2015/03/10 09:40:14 [notice] 7960#0: signal 29 (SIGIO) received
2015/03/10 09:40:14 [notice] 7960#0: signal 17 (SIGCHLD) received
2015/03/10 09:40:14 [notice] 7972#0: signal 15 (SIGTERM) received, exiting
2015/03/10 09:40:14 [notice] 7960#0: worker process 7970 exited with code 0
2015/03/10 09:40:14 [notice] 7972#0: exiting
2015/03/10 09:40:14 [notice] 7960#0: worker process 7976 exited with code 0
2015/03/10 09:40:14 [notice] 7972#0: exit
2015/03/10 09:40:14 [notice] 7960#0: signal 29 (SIGIO) received
2015/03/10 09:40:14 [notice] 7960#0: signal 17 (SIGCHLD) received
2015/03/10 09:40:14 [notice] 7973#0: signal 15 (SIGTERM) received, exiting
2015/03/10 09:40:14 [notice] 7973#0: exiting
2015/03/10 09:40:14 [notice] 7973#0: exit
2015/03/10 09:40:14 [notice] 7960#0: signal 17 (SIGCHLD) received
2015/03/10 09:40:14 [notice] 7968#0: signal 15 (SIGTERM) received, exiting
2015/03/10 09:40:14 [notice] 7960#0: worker process 7972 exited with code 0
2015/03/10 09:40:14 [notice] 7960#0: signal 29 (SIGIO) received
2015/03/10 09:40:14 [notice] 7968#0: exiting
2015/03/10 09:40:14 [notice] 7968#0: exit
2015/03/10 09:40:14 [notice] 7960#0: signal 17 (SIGCHLD) received
2015/03/10 09:40:14 [notice] 7960#0: worker process 7973 exited with code 0
2015/03/10 09:40:14 [notice] 7960#0: signal 29 (SIGIO) received
2015/03/10 09:40:14 [notice] 7960#0: signal 17 (SIGCHLD) received
2015/03/10 09:40:14 [notice] 7960#0: worker process 7968 exited with code 0
2015/03/10 09:40:14 [notice] 7960#0: exit
2015/03/10 09:40:30 [notice] 8107#0: using the "epoll" event method
2015/03/10 09:40:30 [notice] 8107#0: nginx/1.2.9
2015/03/10 09:40:30 [notice] 8107#0: built by gcc 4.8.2 (Ubuntu 4.8.2-19ubuntu1) 
2015/03/10 09:40:30 [notice] 8107#0: OS: Linux 3.13.0-44-generic
2015/03/10 09:40:30 [notice] 8107#0: getrlimit(RLIMIT_NOFILE): 1024:4096
2015/03/10 09:40:30 [notice] 8108#0: start worker processes
2015/03/10 09:40:30 [notice] 8108#0: start worker process 8109
2015/03/10 09:40:30 [notice] 8108#0: start worker process 8110
2015/03/10 09:40:30 [notice] 8108#0: start worker process 8111
2015/03/10 09:40:30 [notice] 8108#0: start worker process 8112
2015/03/10 09:40:30 [notice] 8108#0: start worker process 8113
2015/03/10 09:40:30 [notice] 8108#0: start worker process 8114
2015/03/10 09:40:30 [notice] 8108#0: start worker process 8115
2015/03/10 09:40:30 [notice] 8108#0: start worker process 8116
2015/03/10 09:40:30 [notice] 8108#0: start worker process 8117
2015/03/10 09:40:30 [notice] 8108#0: start worker process 8118
2015/03/10 09:40:30 [notice] 8108#0: start worker process 8119
2015/03/10 09:40:30 [notice] 8108#0: start worker process 8120
2015/03/10 09:40:30 [notice] 8108#0: start worker process 8121
2015/03/10 09:40:30 [notice] 8108#0: start worker process 8122
2015/03/10 09:40:30 [notice] 8108#0: start worker process 8123
2015/03/10 09:40:30 [notice] 8108#0: start worker process 8124
2015/03/10 09:40:30 [notice] 8108#0: start worker process 8125
2015/03/10 09:40:30 [notice] 8108#0: start worker process 8126
2015/03/10 09:40:30 [notice] 8108#0: start worker process 8127
2015/03/10 09:40:30 [notice] 8108#0: start worker process 8128
2015/03/10 09:40:43 [error] 8109#0: *1 open() "/home/archer/Documents/NginxBigFile/src/nginx-1.2.9/html/upload" failed (2: No such file or directory), client: 127.0.0.1, server: , request: "POST /upload HTTP/1.1", host: "localhost:8888"
2015/03/10 09:42:04 [notice] 8114#0: signal 15 (SIGTERM) received, exiting
2015/03/10 09:42:04 [notice] 8111#0: signal 15 (SIGTERM) received, exiting
2015/03/10 09:42:04 [notice] 8123#0: signal 15 (SIGTERM) received, exiting
2015/03/10 09:42:04 [notice] 8114#0: exiting
2015/03/10 09:42:04 [notice] 8108#0: signal 15 (SIGTERM) received, exiting
2015/03/10 09:42:04 [notice] 8111#0: exiting
2015/03/10 09:42:04 [notice] 8123#0: exiting
2015/03/10 09:42:04 [notice] 8114#0: exit
2015/03/10 09:42:04 [notice] 8123#0: exit
2015/03/10 09:42:04 [notice] 8111#0: exit
2015/03/10 09:42:04 [notice] 8125#0: exiting
2015/03/10 09:42:04 [notice] 8125#0: exit
2015/03/10 09:42:04 [notice] 8125#0: signal 15 (SIGTERM) received, exiting
2015/03/10 09:42:04 [notice] 8116#0: signal 15 (SIGTERM) received, exiting
2015/03/10 09:42:04 [notice] 8116#0: exiting
2015/03/10 09:42:04 [notice] 8116#0: exit
2015/03/10 09:42:04 [notice] 8119#0: signal 15 (SIGTERM) received, exiting
2015/03/10 09:42:04 [notice] 8119#0: exiting
2015/03/10 09:42:04 [notice] 8119#0: exit
2015/03/10 09:42:04 [notice] 8121#0: signal 15 (SIGTERM) received, exiting
2015/03/10 09:42:04 [notice] 8121#0: exiting
2015/03/10 09:42:04 [notice] 8121#0: exit
2015/03/10 09:42:04 [notice] 8112#0: signal 15 (SIGTERM) received, exiting
2015/03/10 09:42:04 [notice] 8112#0: exiting
2015/03/10 09:42:04 [notice] 8124#0: signal 15 (SIGTERM) received, exiting
2015/03/10 09:42:04 [notice] 8112#0: exit
2015/03/10 09:42:04 [notice] 8124#0: exiting
2015/03/10 09:42:04 [notice] 8124#0: exit
2015/03/10 09:42:04 [notice] 8113#0: signal 15 (SIGTERM) received, exiting
2015/03/10 09:42:04 [notice] 8113#0: exiting
2015/03/10 09:42:04 [notice] 8122#0: signal 15 (SIGTERM) received, exiting
2015/03/10 09:42:04 [notice] 8122#0: exiting
2015/03/10 09:42:04 [notice] 8113#0: exit
2015/03/10 09:42:04 [notice] 8122#0: exit
2015/03/10 09:42:04 [notice] 8120#0: signal 15 (SIGTERM) received, exiting
2015/03/10 09:42:04 [notice] 8120#0: exiting
2015/03/10 09:42:04 [notice] 8108#0: signal 17 (SIGCHLD) received
2015/03/10 09:42:04 [notice] 8120#0: exit
2015/03/10 09:42:04 [notice] 8108#0: worker process 8112 exited with code 0
2015/03/10 09:42:04 [notice] 8108#0: worker process 8113 exited with code 0
2015/03/10 09:42:04 [notice] 8108#0: worker process 8114 exited with code 0
2015/03/10 09:42:04 [notice] 8108#0: worker process 8116 exited with code 0
2015/03/10 09:42:04 [notice] 8108#0: worker process 8119 exited with code 0
2015/03/10 09:42:04 [notice] 8108#0: worker process 8121 exited with code 0
2015/03/10 09:42:04 [notice] 8108#0: worker process 8122 exited with code 0
2015/03/10 09:42:04 [notice] 8108#0: worker process 8124 exited with code 0
2015/03/10 09:42:04 [notice] 8108#0: worker process 8125 exited with code 0
2015/03/10 09:42:04 [notice] 8109#0: signal 15 (SIGTERM) received, exiting
2015/03/10 09:42:04 [notice] 8108#0: signal 29 (SIGIO) received
2015/03/10 09:42:04 [notice] 8108#0: signal 17 (SIGCHLD) received
2015/03/10 09:42:04 [notice] 8108#0: worker process 8120 exited with code 0
2015/03/10 09:42:04 [notice] 8109#0: exiting
2015/03/10 09:42:04 [notice] 8108#0: signal 29 (SIGIO) received
2015/03/10 09:42:04 [notice] 8109#0: exit
2015/03/10 09:42:04 [notice] 8108#0: signal 17 (SIGCHLD) received
2015/03/10 09:42:04 [notice] 8108#0: worker process 8109 exited with code 0
2015/03/10 09:42:04 [notice] 8108#0: signal 29 (SIGIO) received
2015/03/10 09:42:04 [notice] 8115#0: signal 15 (SIGTERM) received, exiting
2015/03/10 09:42:04 [notice] 8108#0: signal 17 (SIGCHLD) received
2015/03/10 09:42:04 [notice] 8115#0: exiting
2015/03/10 09:42:04 [notice] 8108#0: worker process 8111 exited with code 0
2015/03/10 09:42:04 [notice] 8108#0: worker process 8123 exited with code 0
2015/03/10 09:42:04 [notice] 8115#0: exit
2015/03/10 09:42:04 [notice] 8108#0: signal 29 (SIGIO) received
2015/03/10 09:42:04 [notice] 8110#0: signal 15 (SIGTERM) received, exiting
2015/03/10 09:42:04 [notice] 8108#0: signal 17 (SIGCHLD) received
2015/03/10 09:42:04 [notice] 8110#0: exiting
2015/03/10 09:42:04 [notice] 8108#0: worker process 8115 exited with code 0
2015/03/10 09:42:04 [notice] 8110#0: exit
2015/03/10 09:42:04 [notice] 8108#0: signal 29 (SIGIO) received
2015/03/10 09:42:04 [notice] 8118#0: signal 15 (SIGTERM) received, exiting
2015/03/10 09:42:04 [notice] 8118#0: exiting
2015/03/10 09:42:04 [notice] 8127#0: signal 15 (SIGTERM) received, exiting
2015/03/10 09:42:04 [notice] 8128#0: signal 15 (SIGTERM) received, exiting
2015/03/10 09:42:04 [notice] 8118#0: exit
2015/03/10 09:42:04 [notice] 8127#0: exiting
2015/03/10 09:42:04 [notice] 8128#0: exiting
2015/03/10 09:42:04 [notice] 8127#0: exit
2015/03/10 09:42:04 [notice] 8128#0: exit
2015/03/10 09:42:04 [notice] 8126#0: signal 15 (SIGTERM) received, exiting
2015/03/10 09:42:04 [notice] 8108#0: signal 17 (SIGCHLD) received
2015/03/10 09:42:04 [notice] 8108#0: worker process 8110 exited with code 0
2015/03/10 09:42:04 [notice] 8126#0: exiting
2015/03/10 09:42:04 [notice] 8108#0: worker process 8118 exited with code 0
2015/03/10 09:42:04 [notice] 8117#0: signal 15 (SIGTERM) received, exiting
2015/03/10 09:42:04 [notice] 8108#0: worker process 8127 exited with code 0
2015/03/10 09:42:04 [notice] 8126#0: exit
2015/03/10 09:42:04 [notice] 8108#0: worker process 8128 exited with code 0
2015/03/10 09:42:04 [notice] 8108#0: signal 29 (SIGIO) received
2015/03/10 09:42:04 [notice] 8108#0: signal 17 (SIGCHLD) received
2015/03/10 09:42:04 [notice] 8117#0: exiting
2015/03/10 09:42:04 [notice] 8117#0: exit
2015/03/10 09:42:04 [notice] 8108#0: signal 17 (SIGCHLD) received
2015/03/10 09:42:04 [notice] 8108#0: worker process 8126 exited with code 0
2015/03/10 09:42:04 [notice] 8108#0: signal 29 (SIGIO) received
2015/03/10 09:42:04 [notice] 8108#0: signal 17 (SIGCHLD) received
2015/03/10 09:42:04 [notice] 8108#0: worker process 8117 exited with code 0
2015/03/10 09:42:04 [notice] 8108#0: exit
2015/03/10 09:49:16 [notice] 8292#0: using the "epoll" event method
2015/03/10 09:49:16 [notice] 8292#0: nginx/1.2.9
2015/03/10 09:49:16 [notice] 8292#0: built by gcc 4.8.2 (Ubuntu 4.8.2-19ubuntu1) 
2015/03/10 09:49:16 [notice] 8292#0: OS: Linux 3.13.0-44-generic
2015/03/10 09:49:16 [notice] 8292#0: getrlimit(RLIMIT_NOFILE): 1024:4096
2015/03/10 09:49:16 [notice] 8293#0: start worker processes
2015/03/10 09:49:16 [notice] 8293#0: start worker process 8294
2015/03/10 09:49:16 [notice] 8293#0: start worker process 8295
2015/03/10 09:49:16 [notice] 8293#0: start worker process 8296
2015/03/10 09:49:16 [notice] 8293#0: start worker process 8297
2015/03/10 09:49:16 [notice] 8293#0: start worker process 8298
2015/03/10 09:49:16 [notice] 8293#0: start worker process 8299
2015/03/10 09:49:16 [notice] 8293#0: start worker process 8300
2015/03/10 09:49:16 [notice] 8293#0: start worker process 8301
2015/03/10 09:49:16 [notice] 8293#0: start worker process 8302
2015/03/10 09:49:16 [notice] 8293#0: start worker process 8303
2015/03/10 09:49:16 [notice] 8293#0: start worker process 8304
2015/03/10 09:49:16 [notice] 8293#0: start worker process 8305
2015/03/10 09:49:16 [notice] 8293#0: start worker process 8306
2015/03/10 09:49:16 [notice] 8293#0: start worker process 8307
2015/03/10 09:49:16 [notice] 8293#0: start worker process 8308
2015/03/10 09:49:16 [notice] 8293#0: start worker process 8309
2015/03/10 09:49:16 [notice] 8293#0: start worker process 8310
2015/03/10 09:49:16 [notice] 8293#0: start worker process 8311
2015/03/10 09:49:16 [notice] 8293#0: start worker process 8312
2015/03/10 09:49:16 [notice] 8293#0: start worker process 8313
2015/03/10 09:51:28 [error] 8294#0: *1 open() "/home/archer/Documents/NginxBigFile/src/nginx-1.2.9/html/favicon.ico" failed (2: No such file or directory), client: 127.0.0.1, server: , request: "GET /favicon.ico HTTP/1.1", host: "localhost:8889"
2015/03/10 10:32:48 [notice] 8294#0: signal 15 (SIGTERM) received, exiting
2015/03/10 10:32:48 [notice] 8293#0: signal 15 (SIGTERM) received, exiting
2015/03/10 10:32:48 [notice] 8296#0: signal 15 (SIGTERM) received, exiting
2015/03/10 10:32:48 [notice] 8294#0: exiting
2015/03/10 10:32:48 [notice] 8296#0: exiting
2015/03/10 10:32:48 [notice] 8294#0: exit
2015/03/10 10:32:48 [notice] 8296#0: exit
2015/03/10 10:32:48 [notice] 8293#0: signal 17 (SIGCHLD) received
2015/03/10 10:32:48 [notice] 8293#0: worker process 8296 exited with code 0
2015/03/10 10:32:48 [notice] 8293#0: worker process 8294 exited with code 0
2015/03/10 10:32:48 [notice] 8305#0: signal 15 (SIGTERM) received, exiting
2015/03/10 10:32:48 [notice] 8305#0: exiting
2015/03/10 10:32:48 [notice] 8293#0: signal 29 (SIGIO) received
2015/03/10 10:32:48 [notice] 8305#0: exit
2015/03/10 10:32:48 [notice] 8293#0: signal 17 (SIGCHLD) received
2015/03/10 10:32:48 [notice] 8308#0: signal 15 (SIGTERM) received, exiting
2015/03/10 10:32:48 [notice] 8308#0: exiting
2015/03/10 10:32:48 [notice] 8308#0: exit
2015/03/10 10:32:48 [notice] 8295#0: signal 15 (SIGTERM) received, exiting
2015/03/10 10:32:48 [notice] 8295#0: exiting
2015/03/10 10:32:48 [notice] 8295#0: exit
2015/03/10 10:32:48 [notice] 8293#0: signal 17 (SIGCHLD) received
2015/03/10 10:32:48 [notice] 8293#0: worker process 8305 exited with code 0
2015/03/10 10:32:48 [notice] 8293#0: worker process 8308 exited with code 0
2015/03/10 10:32:48 [notice] 8293#0: signal 29 (SIGIO) received
2015/03/10 10:32:48 [notice] 8303#0: signal 15 (SIGTERM) received, exiting
2015/03/10 10:32:48 [notice] 8293#0: signal 17 (SIGCHLD) received
2015/03/10 10:32:48 [notice] 8298#0: signal 15 (SIGTERM) received, exiting
2015/03/10 10:32:48 [notice] 8293#0: worker process 8295 exited with code 0
2015/03/10 10:32:48 [notice] 8298#0: exiting
2015/03/10 10:32:48 [notice] 8293#0: signal 29 (SIGIO) received
2015/03/10 10:32:48 [notice] 8303#0: exiting
2015/03/10 10:32:48 [notice] 8298#0: exit
2015/03/10 10:32:48 [notice] 8303#0: exit
2015/03/10 10:32:48 [notice] 8293#0: signal 17 (SIGCHLD) received
2015/03/10 10:32:48 [notice] 8300#0: signal 15 (SIGTERM) received, exiting
2015/03/10 10:32:48 [notice] 8293#0: worker process 8298 exited with code 0
2015/03/10 10:32:48 [notice] 8300#0: exiting
2015/03/10 10:32:48 [notice] 8293#0: worker process 8303 exited with code 0
2015/03/10 10:32:48 [notice] 8300#0: exit
2015/03/10 10:32:48 [notice] 8293#0: signal 29 (SIGIO) received
2015/03/10 10:32:48 [notice] 8293#0: signal 17 (SIGCHLD) received
2015/03/10 10:32:48 [notice] 8304#0: signal 15 (SIGTERM) received, exiting
2015/03/10 10:32:48 [notice] 8304#0: exiting
2015/03/10 10:32:48 [notice] 8304#0: exit
2015/03/10 10:32:48 [notice] 8293#0: signal 17 (SIGCHLD) received
2015/03/10 10:32:48 [notice] 8293#0: worker process 8300 exited with code 0
2015/03/10 10:32:48 [notice] 8293#0: signal 29 (SIGIO) received
2015/03/10 10:32:48 [notice] 8293#0: signal 17 (SIGCHLD) received
2015/03/10 10:32:48 [notice] 8306#0: signal 15 (SIGTERM) received, exiting
2015/03/10 10:32:48 [notice] 8293#0: worker process 8304 exited with code 0
2015/03/10 10:32:48 [notice] 8306#0: exiting
2015/03/10 10:32:48 [notice] 8293#0: signal 29 (SIGIO) received
2015/03/10 10:32:48 [notice] 8306#0: exit
2015/03/10 10:32:48 [notice] 8293#0: signal 17 (SIGCHLD) received
2015/03/10 10:32:48 [notice] 8311#0: signal 15 (SIGTERM) received, exiting
2015/03/10 10:32:48 [notice] 8293#0: worker process 8306 exited with code 0
2015/03/10 10:32:48 [notice] 8311#0: exiting
2015/03/10 10:32:48 [notice] 8293#0: signal 29 (SIGIO) received
2015/03/10 10:32:48 [notice] 8311#0: exit
2015/03/10 10:32:48 [notice] 8293#0: signal 17 (SIGCHLD) received
2015/03/10 10:32:48 [notice] 8313#0: signal 15 (SIGTERM) received, exiting
2015/03/10 10:32:48 [notice] 8293#0: worker process 8311 exited with code 0
2015/03/10 10:32:48 [notice] 8293#0: signal 29 (SIGIO) received
2015/03/10 10:32:48 [notice] 8313#0: exiting
2015/03/10 10:32:48 [notice] 8313#0: exit
2015/03/10 10:32:48 [notice] 8299#0: signal 15 (SIGTERM) received, exiting
2015/03/10 10:32:48 [notice] 8299#0: exiting
2015/03/10 10:32:48 [notice] 8299#0: exit
2015/03/10 10:32:48 [notice] 8293#0: signal 17 (SIGCHLD) received
2015/03/10 10:32:48 [notice] 8310#0: signal 15 (SIGTERM) received, exiting
2015/03/10 10:32:48 [notice] 8293#0: worker process 8313 exited with code 0
2015/03/10 10:32:48 [notice] 8310#0: exiting
2015/03/10 10:32:48 [notice] 8293#0: signal 29 (SIGIO) received
2015/03/10 10:32:48 [notice] 8310#0: exit
2015/03/10 10:32:48 [notice] 8293#0: signal 17 (SIGCHLD) received
2015/03/10 10:32:48 [notice] 8297#0: signal 15 (SIGTERM) received, exiting
2015/03/10 10:32:48 [notice] 8293#0: worker process 8299 exited with code 0
2015/03/10 10:32:48 [notice] 8293#0: signal 29 (SIGIO) received
2015/03/10 10:32:48 [notice] 8297#0: exiting
2015/03/10 10:32:48 [notice] 8297#0: exit
2015/03/10 10:32:48 [notice] 8293#0: signal 17 (SIGCHLD) received
2015/03/10 10:32:48 [notice] 8293#0: worker process 8310 exited with code 0
2015/03/10 10:32:48 [notice] 8309#0: signal 15 (SIGTERM) received, exiting
2015/03/10 10:32:48 [notice] 8293#0: signal 29 (SIGIO) received
2015/03/10 10:32:48 [notice] 8309#0: exiting
2015/03/10 10:32:48 [notice] 8309#0: exit
2015/03/10 10:32:48 [notice] 8293#0: signal 17 (SIGCHLD) received
2015/03/10 10:32:48 [notice] 8293#0: worker process 8297 exited with code 0
2015/03/10 10:32:48 [notice] 8301#0: signal 15 (SIGTERM) received, exiting
2015/03/10 10:32:48 [notice] 8293#0: signal 29 (SIGIO) received
2015/03/10 10:32:48 [notice] 8301#0: exiting
2015/03/10 10:32:48 [notice] 8301#0: exit
2015/03/10 10:32:48 [notice] 8293#0: signal 17 (SIGCHLD) received
2015/03/10 10:32:48 [notice] 8307#0: signal 15 (SIGTERM) received, exiting
2015/03/10 10:32:48 [notice] 8293#0: worker process 8309 exited with code 0
2015/03/10 10:32:48 [notice] 8293#0: signal 29 (SIGIO) received
2015/03/10 10:32:48 [notice] 8307#0: exiting
2015/03/10 10:32:48 [notice] 8307#0: exit
2015/03/10 10:32:48 [notice] 8293#0: signal 17 (SIGCHLD) received
2015/03/10 10:32:48 [notice] 8293#0: worker process 8301 exited with code 0
2015/03/10 10:32:48 [notice] 8293#0: signal 29 (SIGIO) received
2015/03/10 10:32:48 [notice] 8293#0: signal 17 (SIGCHLD) received
2015/03/10 10:32:48 [notice] 8312#0: signal 15 (SIGTERM) received, exiting
2015/03/10 10:32:48 [notice] 8293#0: worker process 8307 exited with code 0
2015/03/10 10:32:48 [notice] 8293#0: signal 29 (SIGIO) received
2015/03/10 10:32:48 [notice] 8312#0: exiting
2015/03/10 10:32:48 [notice] 8312#0: exit
2015/03/10 10:32:48 [notice] 8293#0: signal 17 (SIGCHLD) received
2015/03/10 10:32:48 [notice] 8302#0: signal 15 (SIGTERM) received, exiting
2015/03/10 10:32:48 [notice] 8293#0: worker process 8312 exited with code 0
2015/03/10 10:32:48 [notice] 8293#0: signal 29 (SIGIO) received
2015/03/10 10:32:48 [notice] 8302#0: exiting
2015/03/10 10:32:48 [notice] 8302#0: exit
2015/03/10 10:32:48 [notice] 8293#0: signal 17 (SIGCHLD) received
2015/03/10 10:32:48 [notice] 8293#0: worker process 8302 exited with code 0
2015/03/10 10:32:48 [notice] 8293#0: exit
2015/03/10 10:33:37 [notice] 9240#0: using the "epoll" event method
2015/03/10 10:33:37 [notice] 9240#0: nginx/1.2.9
2015/03/10 10:33:37 [notice] 9240#0: built by gcc 4.8.2 (Ubuntu 4.8.2-19ubuntu1) 
2015/03/10 10:33:37 [notice] 9240#0: OS: Linux 3.13.0-44-generic
2015/03/10 10:33:37 [notice] 9240#0: getrlimit(RLIMIT_NOFILE): 1024:4096
2015/03/10 10:33:37 [notice] 9241#0: start worker processes
2015/03/10 10:33:37 [notice] 9241#0: start worker process 9242
2015/03/10 10:33:37 [notice] 9241#0: start worker process 9243
2015/03/10 10:33:37 [notice] 9241#0: start worker process 9244
2015/03/10 10:33:37 [notice] 9241#0: start worker process 9245
2015/03/10 10:33:37 [notice] 9241#0: start worker process 9246
2015/03/10 10:33:37 [notice] 9241#0: start worker process 9247
2015/03/10 10:33:37 [notice] 9241#0: start worker process 9248
2015/03/10 10:33:37 [notice] 9241#0: start worker process 9249
2015/03/10 10:33:37 [notice] 9241#0: start worker process 9250
2015/03/10 10:33:37 [notice] 9241#0: start worker process 9251
2015/03/10 10:33:37 [notice] 9241#0: start worker process 9252
2015/03/10 10:33:37 [notice] 9241#0: start worker process 9253
2015/03/10 10:33:37 [notice] 9241#0: start worker process 9254
2015/03/10 10:33:37 [notice] 9241#0: start worker process 9255
2015/03/10 10:33:37 [notice] 9241#0: start worker process 9256
2015/03/10 10:33:37 [notice] 9241#0: start worker process 9257
2015/03/10 10:33:37 [notice] 9241#0: start worker process 9258
2015/03/10 10:33:37 [notice] 9241#0: start worker process 9259
2015/03/10 10:33:37 [notice] 9241#0: start worker process 9260
2015/03/10 10:33:37 [notice] 9241#0: start worker process 9261
2015/03/10 11:38:28 [notice] 12793#0: using the "epoll" event method
2015/03/10 11:38:28 [notice] 12793#0: nginx/1.2.9
2015/03/10 11:38:28 [notice] 12793#0: built by gcc 4.8.2 (Ubuntu 4.8.2-19ubuntu1) 
2015/03/10 11:38:28 [notice] 12793#0: OS: Linux 3.13.0-44-generic
2015/03/10 11:38:28 [notice] 12793#0: getrlimit(RLIMIT_NOFILE): 1024:4096
2015/03/10 11:38:28 [notice] 12794#0: start worker processes
2015/03/10 11:38:28 [notice] 12794#0: start worker process 12795
2015/03/10 11:38:28 [notice] 12794#0: start worker process 12796
2015/03/10 11:38:28 [notice] 12794#0: start worker process 12797
2015/03/10 11:38:28 [notice] 12794#0: start worker process 12798
2015/03/10 11:38:28 [notice] 12794#0: start worker process 12799
2015/03/10 11:38:28 [notice] 12794#0: start worker process 12800
2015/03/10 11:38:28 [notice] 12794#0: start worker process 12801
2015/03/10 11:38:28 [notice] 12794#0: start worker process 12802
2015/03/10 11:38:28 [notice] 12794#0: start worker process 12803
2015/03/10 11:38:28 [notice] 12794#0: start worker process 12804
2015/03/10 11:38:28 [notice] 12794#0: start worker process 12805
2015/03/10 11:38:28 [notice] 12794#0: start worker process 12806
2015/03/10 11:38:28 [notice] 12794#0: start worker process 12807
2015/03/10 11:38:28 [notice] 12794#0: start worker process 12808
2015/03/10 11:38:28 [notice] 12794#0: start worker process 12809
2015/03/10 11:38:28 [notice] 12794#0: start worker process 12810
2015/03/10 11:38:28 [notice] 12794#0: start worker process 12811
2015/03/10 11:38:28 [notice] 12794#0: start worker process 12812
2015/03/10 11:38:28 [notice] 12794#0: start worker process 12813
2015/03/10 11:38:28 [notice] 12794#0: start worker process 12814
2015/03/10 11:38:39 [error] 12795#0: *6 open() "/home/archer/Documents/NginxBigFile/src/nginx-1.2.9/html/favicon.ico" failed (2: No such file or directory), client: 127.0.0.1, server: , request: "GET /favicon.ico HTTP/1.1", host: "localhost:9393"
2015/03/10 11:43:33 [error] 12795#0: *20 open() "/home/archer/Documents/NginxBigFile/src/nginx-1.2.9/html/favicon.ico" failed (2: No such file or directory), client: 127.0.0.1, server: , request: "GET /favicon.ico HTTP/1.1", host: "www.someclient.com:9393"
2015/03/10 11:44:12 [error] 12795#0: *27 open() "/home/archer/Documents/NginxBigFile/src/nginx-1.2.9/html/favicon.ico" failed (2: No such file or directory), client: 127.0.0.1, server: , request: "GET /favicon.ico HTTP/1.1", host: "www.somesite.com:9393"
2015/03/10 12:46:19 [notice] 9241#0: signal 15 (SIGTERM) received, exiting
2015/03/10 12:46:19 [notice] 9243#0: signal 15 (SIGTERM) received, exiting
2015/03/10 12:46:19 [notice] 9247#0: signal 15 (SIGTERM) received, exiting
2015/03/10 12:46:19 [notice] 9243#0: exiting
2015/03/10 12:46:19 [notice] 9247#0: exiting
2015/03/10 12:46:19 [notice] 12794#0: signal 15 (SIGTERM) received, exiting
2015/03/10 12:46:19 [notice] 9243#0: exit
2015/03/10 12:46:19 [notice] 9247#0: exit
2015/03/10 12:46:19 [notice] 9249#0: signal 15 (SIGTERM) received, exiting
2015/03/10 12:46:19 [notice] 9249#0: exiting
2015/03/10 12:46:19 [notice] 9249#0: exit
2015/03/10 12:46:19 [notice] 12797#0: exiting
2015/03/10 12:46:19 [notice] 12797#0: exit
2015/03/10 12:46:19 [notice] 9251#0: signal 15 (SIGTERM) received, exiting
2015/03/10 12:46:19 [notice] 9251#0: exiting
2015/03/10 12:46:19 [notice] 9251#0: exit
2015/03/10 12:46:19 [notice] 12804#0: exiting
2015/03/10 12:46:19 [notice] 12804#0: exit
2015/03/10 12:46:19 [notice] 12803#0: exiting
2015/03/10 12:46:19 [notice] 12803#0: exit
2015/03/10 12:46:19 [notice] 12794#0: signal 17 (SIGCHLD) received
2015/03/10 12:46:19 [notice] 12794#0: worker process 12797 exited with code 0
2015/03/10 12:46:19 [notice] 12801#0: exiting
2015/03/10 12:46:19 [notice] 12794#0: signal 29 (SIGIO) received
2015/03/10 12:46:19 [notice] 12801#0: exit
2015/03/10 12:46:19 [notice] 12809#0: exiting
2015/03/10 12:46:19 [notice] 12809#0: exit
2015/03/10 12:46:19 [notice] 12799#0: exiting
2015/03/10 12:46:19 [notice] 12812#0: exiting
2015/03/10 12:46:19 [notice] 12799#0: exit
2015/03/10 12:46:19 [notice] 12812#0: exit
2015/03/10 12:46:19 [notice] 12794#0: signal 17 (SIGCHLD) received
2015/03/10 12:46:19 [notice] 12814#0: exiting
2015/03/10 12:46:19 [notice] 12794#0: worker process 12801 exited with code 0
2015/03/10 12:46:19 [notice] 12794#0: worker process 12803 exited with code 0
2015/03/10 12:46:19 [notice] 12814#0: exit
2015/03/10 12:46:19 [notice] 12794#0: worker process 12804 exited with code 0
2015/03/10 12:46:19 [notice] 12798#0: exiting
2015/03/10 12:46:19 [notice] 12794#0: worker process 12809 exited with code 0
2015/03/10 12:46:19 [notice] 12798#0: exit
2015/03/10 12:46:19 [notice] 9241#0: signal 17 (SIGCHLD) received
2015/03/10 12:46:19 [notice] 12794#0: signal 29 (SIGIO) received
2015/03/10 12:46:19 [notice] 12794#0: signal 17 (SIGCHLD) received
2015/03/10 12:46:19 [notice] 12794#0: worker process 12812 exited with code 0
2015/03/10 12:46:19 [notice] 9241#0: worker process 9243 exited with code 0
2015/03/10 12:46:19 [notice] 12794#0: signal 29 (SIGIO) received
2015/03/10 12:46:19 [notice] 9241#0: worker process 9249 exited with code 0
2015/03/10 12:46:19 [notice] 9241#0: worker process 9251 exited with code 0
2015/03/10 12:46:19 [notice] 9245#0: signal 15 (SIGTERM) received, exiting
2015/03/10 12:46:19 [notice] 9245#0: exiting
2015/03/10 12:46:19 [notice] 12810#0: signal 15 (SIGTERM) received, exiting
2015/03/10 12:46:19 [notice] 9245#0: exit
2015/03/10 12:46:19 [notice] 12810#0: exiting
2015/03/10 12:46:19 [notice] 12810#0: exit
2015/03/10 12:46:19 [notice] 12811#0: signal 15 (SIGTERM) received, exiting
2015/03/10 12:46:19 [notice] 12811#0: exiting
2015/03/10 12:46:19 [notice] 12811#0: exit
2015/03/10 12:46:19 [notice] 9246#0: signal 15 (SIGTERM) received, exiting
2015/03/10 12:46:19 [notice] 9241#0: signal 29 (SIGIO) received
2015/03/10 12:46:19 [notice] 9246#0: exiting
2015/03/10 12:46:19 [notice] 9241#0: signal 17 (SIGCHLD) received
2015/03/10 12:46:19 [notice] 9246#0: exit
2015/03/10 12:46:19 [notice] 9241#0: worker process 9245 exited with code 0
2015/03/10 12:46:19 [notice] 12794#0: signal 17 (SIGCHLD) received
2015/03/10 12:46:19 [notice] 9260#0: signal 15 (SIGTERM) received, exiting
2015/03/10 12:46:19 [notice] 9241#0: worker process 9247 exited with code 0
2015/03/10 12:46:19 [notice] 9260#0: exiting
2015/03/10 12:46:19 [notice] 12794#0: worker process 12798 exited with code 0
2015/03/10 12:46:19 [notice] 12794#0: worker process 12810 exited with code 0
2015/03/10 12:46:19 [notice] 12794#0: worker process 12811 exited with code 0
2015/03/10 12:46:19 [notice] 9260#0: exit
2015/03/10 12:46:19 [notice] 12794#0: worker process 12814 exited with code 0
2015/03/10 12:46:19 [notice] 9241#0: signal 29 (SIGIO) received
2015/03/10 12:46:19 [notice] 9244#0: signal 15 (SIGTERM) received, exiting
2015/03/10 12:46:19 [notice] 9244#0: exiting
2015/03/10 12:46:19 [notice] 9244#0: exit
2015/03/10 12:46:19 [notice] 9252#0: signal 15 (SIGTERM) received, exiting
2015/03/10 12:46:19 [notice] 9252#0: exiting
2015/03/10 12:46:19 [notice] 9252#0: exit
2015/03/10 12:46:19 [notice] 12800#0: signal 15 (SIGTERM) received, exiting
2015/03/10 12:46:19 [notice] 12800#0: exiting
2015/03/10 12:46:19 [notice] 12805#0: signal 15 (SIGTERM) received, exiting
2015/03/10 12:46:19 [notice] 12800#0: exit
2015/03/10 12:46:19 [notice] 12805#0: exiting
2015/03/10 12:46:19 [notice] 12794#0: signal 29 (SIGIO) received
2015/03/10 12:46:19 [notice] 12794#0: signal 17 (SIGCHLD) received
2015/03/10 12:46:19 [notice] 12805#0: exit
2015/03/10 12:46:19 [notice] 12794#0: worker process 12799 exited with code 0
2015/03/10 12:46:19 [notice] 12794#0: signal 29 (SIGIO) received
2015/03/10 12:46:19 [notice] 9257#0: signal 15 (SIGTERM) received, exiting
2015/03/10 12:46:19 [notice] 9257#0: exiting
2015/03/10 12:46:19 [notice] 9257#0: exit
2015/03/10 12:46:19 [notice] 9241#0: signal 17 (SIGCHLD) received
2015/03/10 12:46:19 [notice] 9254#0: signal 15 (SIGTERM) received, exiting
2015/03/10 12:46:19 [notice] 9254#0: exiting
2015/03/10 12:46:19 [notice] 9241#0: worker process 9244 exited with code 0
2015/03/10 12:46:19 [notice] 9254#0: exit
2015/03/10 12:46:19 [notice] 9241#0: worker process 9246 exited with code 0
2015/03/10 12:46:19 [notice] 12808#0: signal 15 (SIGTERM) received, exiting
2015/03/10 12:46:19 [notice] 9241#0: worker process 9252 exited with code 0
2015/03/10 12:46:19 [notice] 9258#0: signal 15 (SIGTERM) received, exiting
2015/03/10 12:46:19 [notice] 12808#0: exiting
2015/03/10 12:46:19 [notice] 9258#0: exiting
2015/03/10 12:46:19 [notice] 9241#0: worker process 9257 exited with code 0
2015/03/10 12:46:19 [notice] 12808#0: exit
2015/03/10 12:46:19 [notice] 9258#0: exit
2015/03/10 12:46:19 [notice] 9241#0: worker process 9260 exited with code 0
2015/03/10 12:46:19 [notice] 12794#0: signal 17 (SIGCHLD) received
2015/03/10 12:46:19 [notice] 12794#0: worker process 12800 exited with code 0
2015/03/10 12:46:19 [notice] 12794#0: worker process 12805 exited with code 0
2015/03/10 12:46:19 [notice] 12796#0: signal 15 (SIGTERM) received, exiting
2015/03/10 12:46:19 [notice] 12796#0: exiting
2015/03/10 12:46:19 [notice] 12794#0: signal 29 (SIGIO) received
2015/03/10 12:46:19 [notice] 12796#0: exit
2015/03/10 12:46:19 [notice] 12813#0: signal 15 (SIGTERM) received, exiting
2015/03/10 12:46:19 [notice] 12813#0: exiting
2015/03/10 12:46:19 [notice] 12813#0: exit
2015/03/10 12:46:19 [notice] 9250#0: signal 15 (SIGTERM) received, exiting
2015/03/10 12:46:19 [notice] 9250#0: exiting
2015/03/10 12:46:19 [notice] 9250#0: exit
2015/03/10 12:46:19 [notice] 12802#0: signal 15 (SIGTERM) received, exiting
2015/03/10 12:46:19 [notice] 9241#0: signal 29 (SIGIO) received
2015/03/10 12:46:19 [notice] 9241#0: signal 17 (SIGCHLD) received
2015/03/10 12:46:19 [notice] 12802#0: exiting
2015/03/10 12:46:19 [notice] 12802#0: exit
2015/03/10 12:46:19 [notice] 9241#0: worker process 9254 exited with code 0
2015/03/10 12:46:19 [notice] 9241#0: worker process 9258 exited with code 0
2015/03/10 12:46:19 [notice] 12794#0: signal 17 (SIGCHLD) received
2015/03/10 12:46:19 [notice] 12794#0: worker process 12796 exited with code 0
2015/03/10 12:46:19 [notice] 9256#0: signal 15 (SIGTERM) received, exiting
2015/03/10 12:46:19 [notice] 12794#0: worker process 12808 exited with code 0
2015/03/10 12:46:19 [notice] 12794#0: worker process 12813 exited with code 0
2015/03/10 12:46:19 [notice] 9256#0: exiting
2015/03/10 12:46:19 [notice] 9241#0: signal 29 (SIGIO) received
2015/03/10 12:46:19 [notice] 9256#0: exit
2015/03/10 12:46:19 [notice] 9241#0: signal 17 (SIGCHLD) received
2015/03/10 12:46:19 [notice] 9241#0: worker process 9250 exited with code 0
2015/03/10 12:46:19 [notice] 12794#0: signal 29 (SIGIO) received
2015/03/10 12:46:19 [notice] 9241#0: signal 29 (SIGIO) received
2015/03/10 12:46:19 [notice] 12794#0: signal 17 (SIGCHLD) received
2015/03/10 12:46:19 [notice] 12806#0: signal 15 (SIGTERM) received, exiting
2015/03/10 12:46:19 [notice] 12794#0: worker process 12802 exited with code 0
2015/03/10 12:46:19 [notice] 12794#0: signal 29 (SIGIO) received
2015/03/10 12:46:19 [notice] 12806#0: exiting
2015/03/10 12:46:19 [notice] 12807#0: signal 15 (SIGTERM) received, exiting
2015/03/10 12:46:19 [notice] 12806#0: exit
2015/03/10 12:46:19 [notice] 12807#0: exiting
2015/03/10 12:46:19 [notice] 12807#0: exit
2015/03/10 12:46:19 [notice] 9259#0: signal 15 (SIGTERM) received, exiting
2015/03/10 12:46:19 [notice] 9259#0: exiting
2015/03/10 12:46:19 [notice] 9259#0: exit
2015/03/10 12:46:19 [notice] 12794#0: signal 17 (SIGCHLD) received
2015/03/10 12:46:19 [notice] 12794#0: worker process 12806 exited with code 0
2015/03/10 12:46:19 [notice] 12794#0: worker process 12807 exited with code 0
2015/03/10 12:46:19 [notice] 12794#0: signal 29 (SIGIO) received
2015/03/10 12:46:19 [notice] 9241#0: signal 17 (SIGCHLD) received
2015/03/10 12:46:19 [notice] 9241#0: worker process 9256 exited with code 0
2015/03/10 12:46:19 [notice] 12795#0: signal 15 (SIGTERM) received, exiting
2015/03/10 12:46:19 [notice] 9241#0: signal 29 (SIGIO) received
2015/03/10 12:46:19 [notice] 9241#0: signal 17 (SIGCHLD) received
2015/03/10 12:46:19 [notice] 9255#0: signal 15 (SIGTERM) received, exiting
2015/03/10 12:46:19 [notice] 9241#0: worker process 9259 exited with code 0
2015/03/10 12:46:19 [notice] 9255#0: exiting
2015/03/10 12:46:19 [notice] 9241#0: signal 29 (SIGIO) received
2015/03/10 12:46:19 [notice] 12795#0: exiting
2015/03/10 12:46:19 [notice] 9255#0: exit
2015/03/10 12:46:19 [notice] 9248#0: signal 15 (SIGTERM) received, exiting
2015/03/10 12:46:19 [notice] 12795#0: exit
2015/03/10 12:46:19 [notice] 9248#0: exiting
2015/03/10 12:46:19 [notice] 9248#0: exit
2015/03/10 12:46:19 [notice] 9241#0: signal 17 (SIGCHLD) received
2015/03/10 12:46:19 [notice] 9261#0: signal 15 (SIGTERM) received, exiting
2015/03/10 12:46:19 [notice] 9241#0: worker process 9255 exited with code 0
2015/03/10 12:46:19 [notice] 9261#0: exiting
2015/03/10 12:46:19 [notice] 12794#0: signal 17 (SIGCHLD) received
2015/03/10 12:46:19 [notice] 9261#0: exit
2015/03/10 12:46:19 [notice] 12794#0: worker process 12795 exited with code 0
2015/03/10 12:46:19 [notice] 12794#0: exit
2015/03/10 12:46:19 [notice] 9253#0: signal 15 (SIGTERM) received, exiting
2015/03/10 12:46:19 [notice] 9242#0: signal 15 (SIGTERM) received, exiting
2015/03/10 12:46:19 [notice] 9253#0: exiting
2015/03/10 12:46:19 [notice] 9253#0: exit
2015/03/10 12:46:19 [notice] 9241#0: signal 29 (SIGIO) received
2015/03/10 12:46:19 [notice] 9242#0: exiting
2015/03/10 12:46:19 [notice] 9241#0: signal 17 (SIGCHLD) received
2015/03/10 12:46:19 [notice] 9242#0: exit
2015/03/10 12:46:19 [notice] 9241#0: worker process 9261 exited with code 0
2015/03/10 12:46:19 [notice] 9241#0: signal 29 (SIGIO) received
2015/03/10 12:46:19 [notice] 9241#0: signal 17 (SIGCHLD) received
2015/03/10 12:46:19 [notice] 9241#0: worker process 9248 exited with code 0
2015/03/10 12:46:19 [notice] 9241#0: worker process 9253 exited with code 0
2015/03/10 12:46:19 [notice] 9241#0: signal 29 (SIGIO) received
2015/03/10 12:46:19 [notice] 9241#0: signal 17 (SIGCHLD) received
2015/03/10 12:46:19 [notice] 9241#0: signal 17 (SIGCHLD) received
2015/03/10 12:46:19 [notice] 9241#0: worker process 9242 exited with code 0
2015/03/10 12:46:19 [alert] 9241#0: unlink() "/home/archer/Documents/NginxBigFile/src/nginx-1.2.9/logs/nginx.pid" failed (2: No such file or directory)
2015/03/10 12:46:19 [notice] 9241#0: exit
2015/03/10 12:59:17 [notice] 14026#0: using the "epoll" event method
2015/03/10 12:59:17 [notice] 14026#0: nginx/1.2.9
2015/03/10 12:59:17 [notice] 14026#0: built by gcc 4.8.2 (Ubuntu 4.8.2-19ubuntu1) 
2015/03/10 12:59:17 [notice] 14026#0: OS: Linux 3.13.0-44-generic
2015/03/10 12:59:17 [notice] 14026#0: getrlimit(RLIMIT_NOFILE): 1024:4096
2015/03/10 12:59:17 [notice] 14027#0: start worker processes
2015/03/10 12:59:17 [notice] 14027#0: start worker process 14028
2015/03/10 12:59:17 [notice] 14027#0: start worker process 14029
2015/03/10 12:59:17 [notice] 14027#0: start worker process 14030
2015/03/10 12:59:17 [notice] 14027#0: start worker process 14031
2015/03/10 12:59:17 [notice] 14027#0: start worker process 14032
2015/03/10 12:59:17 [notice] 14027#0: start worker process 14033
2015/03/10 12:59:17 [notice] 14027#0: start worker process 14034
2015/03/10 12:59:17 [notice] 14027#0: start worker process 14035
2015/03/10 12:59:17 [notice] 14027#0: start worker process 14036
2015/03/10 12:59:17 [notice] 14027#0: start worker process 14037
2015/03/10 12:59:17 [notice] 14027#0: start worker process 14038
2015/03/10 12:59:17 [notice] 14027#0: start worker process 14039
2015/03/10 12:59:17 [notice] 14027#0: start worker process 14040
2015/03/10 12:59:17 [notice] 14027#0: start worker process 14041
2015/03/10 12:59:17 [notice] 14027#0: start worker process 14042
2015/03/10 12:59:17 [notice] 14027#0: start worker process 14043
2015/03/10 12:59:17 [notice] 14027#0: start worker process 14044
2015/03/10 12:59:17 [notice] 14027#0: start worker process 14045
2015/03/10 12:59:17 [notice] 14027#0: start worker process 14046
2015/03/10 12:59:17 [notice] 14027#0: start worker process 14047
2015/03/10 13:20:46 [notice] 14027#0: signal 15 (SIGTERM) received, exiting
2015/03/10 13:20:46 [notice] 14035#0: signal 15 (SIGTERM) received, exiting
2015/03/10 13:20:46 [notice] 14028#0: signal 15 (SIGTERM) received, exiting
2015/03/10 13:20:46 [notice] 14028#0: exiting
2015/03/10 13:20:46 [notice] 14045#0: signal 15 (SIGTERM) received, exiting
2015/03/10 13:20:46 [notice] 14035#0: exiting
2015/03/10 13:20:46 [notice] 14045#0: exiting
2015/03/10 13:20:46 [notice] 14028#0: exit
2015/03/10 13:20:46 [notice] 14035#0: exit
2015/03/10 13:20:46 [notice] 14045#0: exit
2015/03/10 13:20:46 [notice] 14046#0: exiting
2015/03/10 13:20:46 [notice] 14046#0: signal 15 (SIGTERM) received, exiting
2015/03/10 13:20:46 [notice] 14046#0: exit
2015/03/10 13:20:46 [notice] 14030#0: signal 15 (SIGTERM) received, exiting
2015/03/10 13:20:46 [notice] 14030#0: exiting
2015/03/10 13:20:46 [notice] 14030#0: exit
2015/03/10 13:20:46 [notice] 14027#0: signal 17 (SIGCHLD) received
2015/03/10 13:20:46 [notice] 14034#0: signal 15 (SIGTERM) received, exiting
2015/03/10 13:20:46 [notice] 14034#0: exiting
2015/03/10 13:20:46 [notice] 14034#0: exit
2015/03/10 13:20:46 [notice] 14027#0: worker process 14035 exited with code 0
2015/03/10 13:20:46 [notice] 14027#0: worker process 14046 exited with code 0
2015/03/10 13:20:46 [notice] 14039#0: signal 15 (SIGTERM) received, exiting
2015/03/10 13:20:46 [notice] 14039#0: exiting
2015/03/10 13:20:46 [notice] 14039#0: exit
2015/03/10 13:20:46 [notice] 14027#0: signal 29 (SIGIO) received
2015/03/10 13:20:46 [notice] 14043#0: signal 15 (SIGTERM) received, exiting
2015/03/10 13:20:46 [notice] 14027#0: signal 17 (SIGCHLD) received
2015/03/10 13:20:46 [notice] 14043#0: exiting
2015/03/10 13:20:46 [notice] 14027#0: worker process 14028 exited with code 0
2015/03/10 13:20:46 [notice] 14043#0: exit
2015/03/10 13:20:46 [notice] 14027#0: worker process 14030 exited with code 0
2015/03/10 13:20:46 [notice] 14027#0: worker process 14034 exited with code 0
2015/03/10 13:20:46 [notice] 14027#0: worker process 14045 exited with code 0
2015/03/10 13:20:46 [notice] 14027#0: signal 29 (SIGIO) received
2015/03/10 13:20:46 [notice] 14027#0: signal 17 (SIGCHLD) received
2015/03/10 13:20:46 [notice] 14044#0: signal 15 (SIGTERM) received, exiting
2015/03/10 13:20:46 [notice] 14033#0: signal 15 (SIGTERM) received, exiting
2015/03/10 13:20:46 [notice] 14031#0: signal 15 (SIGTERM) received, exiting
2015/03/10 13:20:46 [notice] 14044#0: exiting
2015/03/10 13:20:46 [notice] 14032#0: signal 15 (SIGTERM) received, exiting
2015/03/10 13:20:46 [notice] 14033#0: exiting
2015/03/10 13:20:46 [notice] 14031#0: exiting
2015/03/10 13:20:46 [notice] 14032#0: exiting
2015/03/10 13:20:46 [notice] 14044#0: exit
2015/03/10 13:20:46 [notice] 14033#0: exit
2015/03/10 13:20:46 [notice] 14031#0: exit
2015/03/10 13:20:46 [notice] 14032#0: exit
2015/03/10 13:20:46 [notice] 14038#0: signal 15 (SIGTERM) received, exiting
2015/03/10 13:20:46 [notice] 14038#0: exiting
2015/03/10 13:20:46 [notice] 14047#0: signal 15 (SIGTERM) received, exiting
2015/03/10 13:20:46 [notice] 14042#0: signal 15 (SIGTERM) received, exiting
2015/03/10 13:20:46 [notice] 14038#0: exit
2015/03/10 13:20:46 [notice] 14047#0: exiting
2015/03/10 13:20:46 [notice] 14042#0: exiting
2015/03/10 13:20:46 [notice] 14042#0: exit
2015/03/10 13:20:46 [notice] 14047#0: exit
2015/03/10 13:20:46 [notice] 14036#0: signal 15 (SIGTERM) received, exiting
2015/03/10 13:20:46 [notice] 14029#0: signal 15 (SIGTERM) received, exiting
2015/03/10 13:20:46 [notice] 14040#0: signal 15 (SIGTERM) received, exiting
2015/03/10 13:20:46 [notice] 14036#0: exiting
2015/03/10 13:20:46 [notice] 14029#0: exiting
2015/03/10 13:20:46 [notice] 14036#0: exit
2015/03/10 13:20:46 [notice] 14040#0: exiting
2015/03/10 13:20:46 [notice] 14029#0: exit
2015/03/10 13:20:46 [notice] 14040#0: exit
2015/03/10 13:20:46 [notice] 14041#0: signal 15 (SIGTERM) received, exiting
2015/03/10 13:20:46 [notice] 14041#0: exiting
2015/03/10 13:20:46 [notice] 14041#0: exit
2015/03/10 13:20:46 [notice] 14037#0: signal 15 (SIGTERM) received, exiting
2015/03/10 13:20:46 [notice] 14027#0: signal 17 (SIGCHLD) received
2015/03/10 13:20:46 [notice] 14037#0: exiting
2015/03/10 13:20:46 [notice] 14037#0: exit
2015/03/10 13:20:46 [notice] 14027#0: worker process 14029 exited with code 0
2015/03/10 13:20:46 [notice] 14027#0: worker process 14031 exited with code 0
2015/03/10 13:20:46 [notice] 14027#0: worker process 14032 exited with code 0
2015/03/10 13:20:46 [notice] 14027#0: worker process 14033 exited with code 0
2015/03/10 13:20:46 [notice] 14027#0: worker process 14036 exited with code 0
2015/03/10 13:20:46 [notice] 14027#0: worker process 14038 exited with code 0
2015/03/10 13:20:46 [notice] 14027#0: worker process 14037 exited with code 0
2015/03/10 13:20:46 [notice] 14027#0: worker process 14039 exited with code 0
2015/03/10 13:20:46 [notice] 14027#0: worker process 14040 exited with code 0
2015/03/10 13:20:46 [notice] 14027#0: worker process 14041 exited with code 0
2015/03/10 13:20:46 [notice] 14027#0: worker process 14042 exited with code 0
2015/03/10 13:20:46 [notice] 14027#0: worker process 14043 exited with code 0
2015/03/10 13:20:46 [notice] 14027#0: worker process 14044 exited with code 0
2015/03/10 13:20:46 [notice] 14027#0: worker process 14047 exited with code 0
2015/03/10 13:20:46 [notice] 14027#0: exit
2015/03/10 13:22:02 [notice] 14458#0: using the "epoll" event method
2015/03/10 13:22:02 [notice] 14458#0: nginx/1.2.9
2015/03/10 13:22:02 [notice] 14458#0: built by gcc 4.8.2 (Ubuntu 4.8.2-19ubuntu1) 
2015/03/10 13:22:02 [notice] 14458#0: OS: Linux 3.13.0-44-generic
2015/03/10 13:22:02 [notice] 14458#0: getrlimit(RLIMIT_NOFILE): 1024:4096
2015/03/10 13:22:02 [notice] 14459#0: start worker processes
2015/03/10 13:22:02 [notice] 14459#0: start worker process 14460
2015/03/10 13:22:02 [notice] 14459#0: start worker process 14461
2015/03/10 13:22:02 [notice] 14459#0: start worker process 14462
2015/03/10 13:22:02 [notice] 14459#0: start worker process 14463
2015/03/10 13:22:02 [notice] 14459#0: start worker process 14464
2015/03/10 13:22:02 [notice] 14459#0: start worker process 14465
2015/03/10 13:22:02 [notice] 14459#0: start worker process 14466
2015/03/10 13:22:02 [notice] 14459#0: start worker process 14467
2015/03/10 13:22:02 [notice] 14459#0: start worker process 14468
2015/03/10 13:22:02 [notice] 14459#0: start worker process 14469
2015/03/10 13:22:02 [notice] 14459#0: start worker process 14470
2015/03/10 13:22:02 [notice] 14459#0: start worker process 14471
2015/03/10 13:22:02 [notice] 14459#0: start worker process 14472
2015/03/10 13:22:02 [notice] 14459#0: start worker process 14473
2015/03/10 13:22:02 [notice] 14459#0: start worker process 14474
2015/03/10 13:22:02 [notice] 14459#0: start worker process 14475
2015/03/10 13:22:02 [notice] 14459#0: start worker process 14476
2015/03/10 13:22:02 [notice] 14459#0: start worker process 14477
2015/03/10 13:22:02 [notice] 14459#0: start worker process 14478
2015/03/10 13:22:02 [notice] 14459#0: start worker process 14479
2015/03/10 13:23:58 [notice] 14459#0: signal 15 (SIGTERM) received, exiting
2015/03/10 13:23:58 [notice] 14460#0: signal 15 (SIGTERM) received, exiting
2015/03/10 13:23:58 [notice] 14462#0: signal 15 (SIGTERM) received, exiting
2015/03/10 13:23:58 [notice] 14461#0: signal 15 (SIGTERM) received, exiting
2015/03/10 13:23:58 [notice] 14462#0: exiting
2015/03/10 13:23:58 [notice] 14460#0: exiting
2015/03/10 13:23:58 [notice] 14461#0: exiting
2015/03/10 13:23:58 [notice] 14460#0: exit
2015/03/10 13:23:58 [notice] 14462#0: exit
2015/03/10 13:23:58 [notice] 14461#0: exit
2015/03/10 13:23:58 [notice] 14469#0: exiting
2015/03/10 13:23:58 [notice] 14469#0: exit
2015/03/10 13:23:58 [notice] 14459#0: signal 17 (SIGCHLD) received
2015/03/10 13:23:58 [notice] 14459#0: worker process 14460 exited with code 0
2015/03/10 13:23:58 [notice] 14459#0: signal 29 (SIGIO) received
2015/03/10 13:23:58 [notice] 14459#0: signal 17 (SIGCHLD) received
2015/03/10 13:23:58 [notice] 14459#0: worker process 14469 exited with code 0
2015/03/10 13:23:58 [notice] 14459#0: signal 29 (SIGIO) received
2015/03/10 13:23:58 [notice] 14477#0: signal 15 (SIGTERM) received, exiting
2015/03/10 13:23:58 [notice] 14477#0: exiting
2015/03/10 13:23:58 [notice] 14477#0: exit
2015/03/10 13:23:58 [notice] 14459#0: signal 17 (SIGCHLD) received
2015/03/10 13:23:58 [notice] 14459#0: worker process 14461 exited with code 0
2015/03/10 13:23:58 [notice] 14459#0: worker process 14462 exited with code 0
2015/03/10 13:23:58 [notice] 14459#0: signal 29 (SIGIO) received
2015/03/10 13:23:58 [notice] 14476#0: signal 15 (SIGTERM) received, exiting
2015/03/10 13:23:58 [notice] 14459#0: signal 17 (SIGCHLD) received
2015/03/10 13:23:58 [notice] 14476#0: exiting
2015/03/10 13:23:58 [notice] 14459#0: worker process 14477 exited with code 0
2015/03/10 13:23:58 [notice] 14476#0: exit
2015/03/10 13:23:58 [notice] 14459#0: signal 29 (SIGIO) received
2015/03/10 13:23:58 [notice] 14470#0: signal 15 (SIGTERM) received, exiting
2015/03/10 13:23:58 [notice] 14470#0: exiting
2015/03/10 13:23:58 [notice] 14470#0: exit
2015/03/10 13:23:58 [notice] 14459#0: signal 17 (SIGCHLD) received
2015/03/10 13:23:58 [notice] 14459#0: worker process 14476 exited with code 0
2015/03/10 13:23:58 [notice] 14463#0: signal 15 (SIGTERM) received, exiting
2015/03/10 13:23:58 [notice] 14459#0: worker process 14470 exited with code 0
2015/03/10 13:23:58 [notice] 14463#0: exiting
2015/03/10 13:23:58 [notice] 14463#0: exit
2015/03/10 13:23:58 [notice] 14459#0: signal 29 (SIGIO) received
2015/03/10 13:23:58 [notice] 14459#0: signal 17 (SIGCHLD) received
2015/03/10 13:23:58 [notice] 14471#0: signal 15 (SIGTERM) received, exiting
2015/03/10 13:23:58 [notice] 14471#0: exiting
2015/03/10 13:23:58 [notice] 14471#0: exit
2015/03/10 13:23:58 [notice] 14472#0: signal 15 (SIGTERM) received, exiting
2015/03/10 13:23:58 [notice] 14472#0: exiting
2015/03/10 13:23:58 [notice] 14472#0: exit
2015/03/10 13:23:58 [notice] 14465#0: signal 15 (SIGTERM) received, exiting
2015/03/10 13:23:58 [notice] 14459#0: signal 17 (SIGCHLD) received
2015/03/10 13:23:58 [notice] 14459#0: worker process 14463 exited with code 0
2015/03/10 13:23:58 [notice] 14465#0: exiting
2015/03/10 13:23:58 [notice] 14459#0: worker process 14471 exited with code 0
2015/03/10 13:23:58 [notice] 14465#0: exit
2015/03/10 13:23:58 [notice] 14459#0: signal 29 (SIGIO) received
2015/03/10 13:23:58 [notice] 14474#0: signal 15 (SIGTERM) received, exiting
2015/03/10 13:23:58 [notice] 14474#0: exiting
2015/03/10 13:23:58 [notice] 14474#0: exit
2015/03/10 13:23:58 [notice] 14479#0: signal 15 (SIGTERM) received, exiting
2015/03/10 13:23:58 [notice] 14479#0: exiting
2015/03/10 13:23:58 [notice] 14473#0: signal 15 (SIGTERM) received, exiting
2015/03/10 13:23:58 [notice] 14479#0: exit
2015/03/10 13:23:58 [notice] 14473#0: exiting
2015/03/10 13:23:58 [notice] 14473#0: exit
2015/03/10 13:23:58 [notice] 14464#0: signal 15 (SIGTERM) received, exiting
2015/03/10 13:23:58 [notice] 14464#0: exiting
2015/03/10 13:23:58 [notice] 14464#0: exit
2015/03/10 13:23:58 [notice] 14459#0: signal 17 (SIGCHLD) received
2015/03/10 13:23:58 [notice] 14459#0: worker process 14465 exited with code 0
2015/03/10 13:23:58 [notice] 14459#0: worker process 14472 exited with code 0
2015/03/10 13:23:58 [notice] 14459#0: worker process 14474 exited with code 0
2015/03/10 13:23:58 [notice] 14459#0: signal 29 (SIGIO) received
2015/03/10 13:23:58 [notice] 14459#0: signal 17 (SIGCHLD) received
2015/03/10 13:23:58 [notice] 14459#0: worker process 14479 exited with code 0
2015/03/10 13:23:58 [notice] 14459#0: signal 29 (SIGIO) received
2015/03/10 13:23:58 [notice] 14478#0: signal 15 (SIGTERM) received, exiting
2015/03/10 13:23:58 [notice] 14459#0: signal 17 (SIGCHLD) received
2015/03/10 13:23:58 [notice] 14478#0: exiting
2015/03/10 13:23:58 [notice] 14475#0: signal 15 (SIGTERM) received, exiting
2015/03/10 13:23:58 [notice] 14459#0: worker process 14473 exited with code 0
2015/03/10 13:23:58 [notice] 14475#0: exiting
2015/03/10 13:23:58 [notice] 14478#0: exit
2015/03/10 13:23:58 [notice] 14459#0: signal 29 (SIGIO) received
2015/03/10 13:23:58 [notice] 14475#0: exit
2015/03/10 13:23:58 [notice] 14459#0: signal 17 (SIGCHLD) received
2015/03/10 13:23:58 [notice] 14466#0: signal 15 (SIGTERM) received, exiting
2015/03/10 13:23:58 [notice] 14459#0: worker process 14464 exited with code 0
2015/03/10 13:23:58 [notice] 14466#0: exiting
2015/03/10 13:23:58 [notice] 14459#0: signal 29 (SIGIO) received
2015/03/10 13:23:58 [notice] 14466#0: exit
2015/03/10 13:23:58 [notice] 14459#0: signal 17 (SIGCHLD) received
2015/03/10 13:23:58 [notice] 14467#0: signal 15 (SIGTERM) received, exiting
2015/03/10 13:23:58 [notice] 14459#0: worker process 14478 exited with code 0
2015/03/10 13:23:58 [notice] 14459#0: signal 29 (SIGIO) received
2015/03/10 13:23:58 [notice] 14467#0: exiting
2015/03/10 13:23:58 [notice] 14468#0: signal 15 (SIGTERM) received, exiting
2015/03/10 13:23:58 [notice] 14467#0: exit
2015/03/10 13:23:58 [notice] 14459#0: signal 17 (SIGCHLD) received
2015/03/10 13:23:58 [notice] 14459#0: worker process 14475 exited with code 0
2015/03/10 13:23:58 [notice] 14459#0: signal 29 (SIGIO) received
2015/03/10 13:23:58 [notice] 14459#0: signal 17 (SIGCHLD) received
2015/03/10 13:23:58 [notice] 14459#0: worker process 14466 exited with code 0
2015/03/10 13:23:58 [notice] 14459#0: signal 29 (SIGIO) received
2015/03/10 13:23:58 [notice] 14468#0: exiting
2015/03/10 13:23:58 [notice] 14468#0: exit
2015/03/10 13:23:58 [notice] 14459#0: signal 17 (SIGCHLD) received
2015/03/10 13:23:58 [notice] 14459#0: worker process 14467 exited with code 0
2015/03/10 13:23:58 [notice] 14459#0: signal 29 (SIGIO) received
2015/03/10 13:23:58 [notice] 14459#0: signal 17 (SIGCHLD) received
2015/03/10 13:23:58 [notice] 14459#0: worker process 14468 exited with code 0
2015/03/10 13:23:58 [notice] 14459#0: exit
2015/03/10 13:31:36 [notice] 16992#0: using the "epoll" event method
2015/03/10 13:31:36 [notice] 16992#0: nginx/1.2.9
2015/03/10 13:31:36 [notice] 16992#0: built by gcc 4.8.2 (Ubuntu 4.8.2-19ubuntu1) 
2015/03/10 13:31:36 [notice] 16992#0: OS: Linux 3.13.0-44-generic
2015/03/10 13:31:36 [notice] 16992#0: getrlimit(RLIMIT_NOFILE): 1024:4096
2015/03/10 13:31:36 [notice] 16993#0: start worker processes
2015/03/10 13:31:36 [notice] 16993#0: start worker process 16994
2015/03/10 13:31:36 [notice] 16993#0: start worker process 16995
2015/03/10 13:31:36 [notice] 16993#0: start worker process 16996
2015/03/10 13:31:36 [notice] 16993#0: start worker process 16997
2015/03/10 13:31:36 [notice] 16993#0: start worker process 16998
2015/03/10 13:31:36 [notice] 16993#0: start worker process 16999
2015/03/10 13:31:36 [notice] 16993#0: start worker process 17000
2015/03/10 13:31:36 [notice] 16993#0: start worker process 17001
2015/03/10 13:31:36 [notice] 16993#0: start worker process 17002
2015/03/10 13:31:36 [notice] 16993#0: start worker process 17003
2015/03/10 13:31:36 [notice] 16993#0: start worker process 17004
2015/03/10 13:31:36 [notice] 16993#0: start worker process 17005
2015/03/10 13:31:36 [notice] 16993#0: start worker process 17006
2015/03/10 13:31:36 [notice] 16993#0: start worker process 17007
2015/03/10 13:31:36 [notice] 16993#0: start worker process 17008
2015/03/10 13:31:36 [notice] 16993#0: start worker process 17009
2015/03/10 13:31:36 [notice] 16993#0: start worker process 17010
2015/03/10 13:31:36 [notice] 16993#0: start worker process 17011
2015/03/10 13:31:36 [notice] 16993#0: start worker process 17012
2015/03/10 13:31:36 [notice] 16993#0: start worker process 17013
2015/03/10 13:55:33 [notice] 16997#0: signal 15 (SIGTERM) received, exiting
2015/03/10 13:55:33 [notice] 16993#0: signal 15 (SIGTERM) received, exiting
2015/03/10 13:55:33 [notice] 16996#0: signal 15 (SIGTERM) received, exiting
2015/03/10 13:55:33 [notice] 17004#0: signal 15 (SIGTERM) received, exiting
2015/03/10 13:55:33 [notice] 16997#0: exiting
2015/03/10 13:55:33 [notice] 16996#0: exiting
2015/03/10 13:55:33 [notice] 17004#0: exiting
2015/03/10 13:55:33 [notice] 16996#0: exit
2015/03/10 13:55:33 [notice] 16997#0: exit
2015/03/10 13:55:33 [notice] 17004#0: exit
2015/03/10 13:55:33 [notice] 16998#0: signal 15 (SIGTERM) received, exiting
2015/03/10 13:55:33 [notice] 16998#0: exiting
2015/03/10 13:55:33 [notice] 16998#0: exit
2015/03/10 13:55:33 [notice] 17013#0: exiting
2015/03/10 13:55:33 [notice] 17013#0: exit
2015/03/10 13:55:33 [notice] 16994#0: signal 15 (SIGTERM) received, exiting
2015/03/10 13:55:33 [notice] 16994#0: exiting
2015/03/10 13:55:33 [notice] 16994#0: exit
2015/03/10 13:55:33 [notice] 16993#0: signal 17 (SIGCHLD) received
2015/03/10 13:55:33 [notice] 16993#0: worker process 16996 exited with code 0
2015/03/10 13:55:33 [notice] 16993#0: worker process 16998 exited with code 0
2015/03/10 13:55:33 [notice] 16993#0: worker process 17004 exited with code 0
2015/03/10 13:55:33 [notice] 17007#0: signal 15 (SIGTERM) received, exiting
2015/03/10 13:55:33 [notice] 17007#0: exiting
2015/03/10 13:55:33 [notice] 17007#0: exit
2015/03/10 13:55:33 [notice] 17000#0: signal 15 (SIGTERM) received, exiting
2015/03/10 13:55:33 [notice] 17000#0: exiting
2015/03/10 13:55:33 [notice] 17000#0: exit
2015/03/10 13:55:33 [notice] 17008#0: signal 15 (SIGTERM) received, exiting
2015/03/10 13:55:33 [notice] 17008#0: exiting
2015/03/10 13:55:33 [notice] 17011#0: signal 15 (SIGTERM) received, exiting
2015/03/10 13:55:33 [notice] 17011#0: exiting
2015/03/10 13:55:33 [notice] 17008#0: exit
2015/03/10 13:55:33 [notice] 17011#0: exit
2015/03/10 13:55:33 [notice] 17006#0: signal 15 (SIGTERM) received, exiting
2015/03/10 13:55:33 [notice] 17006#0: exiting
2015/03/10 13:55:33 [notice] 17009#0: signal 15 (SIGTERM) received, exiting
2015/03/10 13:55:33 [notice] 17009#0: exiting
2015/03/10 13:55:33 [notice] 17006#0: exit
2015/03/10 13:55:33 [notice] 17009#0: exit
2015/03/10 13:55:33 [notice] 16993#0: signal 29 (SIGIO) received
2015/03/10 13:55:33 [notice] 16993#0: signal 17 (SIGCHLD) received
2015/03/10 13:55:33 [notice] 16993#0: worker process 16994 exited with code 0
2015/03/10 13:55:33 [notice] 16993#0: worker process 17000 exited with code 0
2015/03/10 13:55:33 [notice] 16993#0: worker process 17006 exited with code 0
2015/03/10 13:55:33 [notice] 16993#0: worker process 17007 exited with code 0
2015/03/10 13:55:33 [notice] 16993#0: worker process 17008 exited with code 0
2015/03/10 13:55:33 [notice] 16993#0: worker process 17011 exited with code 0
2015/03/10 13:55:33 [notice] 16993#0: worker process 17013 exited with code 0
2015/03/10 13:55:33 [notice] 16999#0: signal 15 (SIGTERM) received, exiting
2015/03/10 13:55:33 [notice] 16993#0: signal 29 (SIGIO) received
2015/03/10 13:55:33 [notice] 16993#0: signal 17 (SIGCHLD) received
2015/03/10 13:55:33 [notice] 16999#0: exiting
2015/03/10 13:55:33 [notice] 16993#0: worker process 17009 exited with code 0
2015/03/10 13:55:33 [notice] 17001#0: signal 15 (SIGTERM) received, exiting
2015/03/10 13:55:33 [notice] 16999#0: exit
2015/03/10 13:55:33 [notice] 16993#0: signal 29 (SIGIO) received
2015/03/10 13:55:33 [notice] 17001#0: exiting
2015/03/10 13:55:33 [notice] 16995#0: signal 15 (SIGTERM) received, exiting
2015/03/10 13:55:33 [notice] 17001#0: exit
2015/03/10 13:55:33 [notice] 16995#0: exiting
2015/03/10 13:55:33 [notice] 16995#0: exit
2015/03/10 13:55:33 [notice] 16993#0: signal 17 (SIGCHLD) received
2015/03/10 13:55:33 [notice] 17005#0: signal 15 (SIGTERM) received, exiting
2015/03/10 13:55:33 [notice] 16993#0: worker process 16999 exited with code 0
2015/03/10 13:55:33 [notice] 17005#0: exiting
2015/03/10 13:55:33 [notice] 16993#0: signal 29 (SIGIO) received
2015/03/10 13:55:33 [notice] 16993#0: signal 17 (SIGCHLD) received
2015/03/10 13:55:33 [notice] 17002#0: signal 15 (SIGTERM) received, exiting
2015/03/10 13:55:33 [notice] 16993#0: worker process 17001 exited with code 0
2015/03/10 13:55:33 [notice] 17005#0: exit
2015/03/10 13:55:33 [notice] 17002#0: exiting
2015/03/10 13:55:33 [notice] 16993#0: signal 29 (SIGIO) received
2015/03/10 13:55:33 [notice] 16993#0: signal 17 (SIGCHLD) received
2015/03/10 13:55:33 [notice] 16993#0: worker process 16997 exited with code 0
2015/03/10 13:55:33 [notice] 17010#0: signal 15 (SIGTERM) received, exiting
2015/03/10 13:55:33 [notice] 17002#0: exit
2015/03/10 13:55:33 [notice] 16993#0: signal 29 (SIGIO) received
2015/03/10 13:55:33 [notice] 17010#0: exiting
2015/03/10 13:55:33 [notice] 17010#0: exit
2015/03/10 13:55:33 [notice] 16993#0: signal 17 (SIGCHLD) received
2015/03/10 13:55:33 [notice] 16993#0: worker process 16995 exited with code 0
2015/03/10 13:55:33 [notice] 16993#0: signal 29 (SIGIO) received
2015/03/10 13:55:33 [notice] 16993#0: signal 17 (SIGCHLD) received
2015/03/10 13:55:33 [notice] 16993#0: worker process 17005 exited with code 0
2015/03/10 13:55:33 [notice] 16993#0: signal 29 (SIGIO) received
2015/03/10 13:55:33 [notice] 16993#0: signal 17 (SIGCHLD) received
2015/03/10 13:55:33 [notice] 16993#0: worker process 17002 exited with code 0
2015/03/10 13:55:33 [notice] 17003#0: signal 15 (SIGTERM) received, exiting
2015/03/10 13:55:33 [notice] 16993#0: signal 29 (SIGIO) received
2015/03/10 13:55:33 [notice] 16993#0: signal 17 (SIGCHLD) received
2015/03/10 13:55:33 [notice] 16993#0: worker process 17010 exited with code 0
2015/03/10 13:55:33 [notice] 17003#0: exiting
2015/03/10 13:55:33 [notice] 16993#0: signal 29 (SIGIO) received
2015/03/10 13:55:33 [notice] 17003#0: exit
2015/03/10 13:55:33 [notice] 16993#0: signal 17 (SIGCHLD) received
2015/03/10 13:55:33 [notice] 17012#0: signal 15 (SIGTERM) received, exiting
2015/03/10 13:55:33 [notice] 16993#0: worker process 17003 exited with code 0
2015/03/10 13:55:33 [notice] 16993#0: signal 29 (SIGIO) received
2015/03/10 13:55:33 [notice] 17012#0: exiting
2015/03/10 13:55:33 [notice] 17012#0: exit
2015/03/10 13:55:33 [notice] 16993#0: signal 17 (SIGCHLD) received
2015/03/10 13:55:33 [notice] 16993#0: worker process 17012 exited with code 0
2015/03/10 13:55:33 [notice] 16993#0: exit
2015/03/10 13:55:47 [notice] 26707#0: using the "epoll" event method
2015/03/10 13:55:47 [notice] 26707#0: nginx/1.2.9
2015/03/10 13:55:47 [notice] 26707#0: built by gcc 4.8.2 (Ubuntu 4.8.2-19ubuntu1) 
2015/03/10 13:55:47 [notice] 26707#0: OS: Linux 3.13.0-44-generic
2015/03/10 13:55:47 [notice] 26707#0: getrlimit(RLIMIT_NOFILE): 1024:4096
2015/03/10 13:55:47 [notice] 26708#0: start worker processes
2015/03/10 13:55:47 [notice] 26708#0: start worker process 26709
2015/03/10 13:55:47 [notice] 26708#0: start worker process 26710
2015/03/10 13:55:47 [notice] 26708#0: start worker process 26711
2015/03/10 13:55:47 [notice] 26708#0: start worker process 26712
2015/03/10 13:55:47 [notice] 26708#0: start worker process 26713
2015/03/10 13:55:47 [notice] 26708#0: start worker process 26714
2015/03/10 13:55:47 [notice] 26708#0: start worker process 26715
2015/03/10 13:55:47 [notice] 26708#0: start worker process 26716
2015/03/10 13:55:47 [notice] 26708#0: start worker process 26717
2015/03/10 13:55:47 [notice] 26708#0: start worker process 26718
2015/03/10 13:55:47 [notice] 26708#0: start worker process 26719
2015/03/10 13:55:47 [notice] 26708#0: start worker process 26720
2015/03/10 13:55:47 [notice] 26708#0: start worker process 26721
2015/03/10 13:55:47 [notice] 26708#0: start worker process 26722
2015/03/10 13:55:47 [notice] 26708#0: start worker process 26723
2015/03/10 13:55:47 [notice] 26708#0: start worker process 26724
2015/03/10 13:55:47 [notice] 26708#0: start worker process 26725
2015/03/10 13:55:47 [notice] 26708#0: start worker process 26726
2015/03/10 13:55:47 [notice] 26708#0: start worker process 26727
2015/03/10 13:55:47 [notice] 26708#0: start worker process 26728
2015/03/10 14:01:12 [notice] 26709#0: signal 15 (SIGTERM) received, exiting
2015/03/10 14:01:12 [notice] 26711#0: signal 15 (SIGTERM) received, exiting
2015/03/10 14:01:12 [notice] 26708#0: signal 15 (SIGTERM) received, exiting
2015/03/10 14:01:12 [notice] 26709#0: exiting
2015/03/10 14:01:12 [notice] 26711#0: exiting
2015/03/10 14:01:12 [notice] 26711#0: exit
2015/03/10 14:01:12 [notice] 26709#0: exit
2015/03/10 14:01:12 [notice] 26712#0: exiting
2015/03/10 14:01:12 [notice] 26712#0: exit
2015/03/10 14:01:12 [notice] 26715#0: exiting
2015/03/10 14:01:12 [notice] 26715#0: exit
2015/03/10 14:01:12 [notice] 26708#0: signal 17 (SIGCHLD) received
2015/03/10 14:01:12 [notice] 26708#0: worker process 26709 exited with code 0
2015/03/10 14:01:12 [notice] 26708#0: worker process 26712 exited with code 0
2015/03/10 14:01:12 [notice] 26708#0: signal 29 (SIGIO) received
2015/03/10 14:01:12 [notice] 26708#0: signal 17 (SIGCHLD) received
2015/03/10 14:01:12 [notice] 26708#0: worker process 26715 exited with code 0
2015/03/10 14:01:12 [notice] 26708#0: signal 29 (SIGIO) received
2015/03/10 14:01:12 [notice] 26724#0: signal 15 (SIGTERM) received, exiting
2015/03/10 14:01:12 [notice] 26724#0: exiting
2015/03/10 14:01:12 [notice] 26724#0: exit
2015/03/10 14:01:12 [notice] 26708#0: signal 17 (SIGCHLD) received
2015/03/10 14:01:12 [notice] 26708#0: worker process 26724 exited with code 0
2015/03/10 14:01:12 [notice] 26708#0: signal 29 (SIGIO) received
2015/03/10 14:01:12 [notice] 26714#0: signal 15 (SIGTERM) received, exiting
2015/03/10 14:01:12 [notice] 26714#0: exiting
2015/03/10 14:01:12 [notice] 26714#0: exit
2015/03/10 14:01:12 [notice] 26708#0: signal 17 (SIGCHLD) received
2015/03/10 14:01:12 [notice] 26710#0: signal 15 (SIGTERM) received, exiting
2015/03/10 14:01:12 [notice] 26708#0: worker process 26714 exited with code 0
2015/03/10 14:01:12 [notice] 26710#0: exiting
2015/03/10 14:01:12 [notice] 26708#0: signal 29 (SIGIO) received
2015/03/10 14:01:12 [notice] 26710#0: exit
2015/03/10 14:01:12 [notice] 26720#0: signal 15 (SIGTERM) received, exiting
2015/03/10 14:01:12 [notice] 26720#0: exiting
2015/03/10 14:01:12 [notice] 26720#0: exit
2015/03/10 14:01:12 [notice] 26708#0: signal 17 (SIGCHLD) received
2015/03/10 14:01:12 [notice] 26708#0: worker process 26710 exited with code 0
2015/03/10 14:01:12 [notice] 26723#0: signal 15 (SIGTERM) received, exiting
2015/03/10 14:01:12 [notice] 26723#0: exiting
2015/03/10 14:01:12 [notice] 26723#0: exit
2015/03/10 14:01:12 [notice] 26708#0: signal 29 (SIGIO) received
2015/03/10 14:01:12 [notice] 26708#0: signal 17 (SIGCHLD) received
2015/03/10 14:01:12 [notice] 26708#0: worker process 26711 exited with code 0
2015/03/10 14:01:12 [notice] 26708#0: signal 29 (SIGIO) received
2015/03/10 14:01:12 [notice] 26708#0: signal 17 (SIGCHLD) received
2015/03/10 14:01:12 [notice] 26708#0: worker process 26720 exited with code 0
2015/03/10 14:01:12 [notice] 26708#0: signal 29 (SIGIO) received
2015/03/10 14:01:12 [notice] 26719#0: signal 15 (SIGTERM) received, exiting
2015/03/10 14:01:12 [notice] 26717#0: signal 15 (SIGTERM) received, exiting
2015/03/10 14:01:12 [notice] 26719#0: exiting
2015/03/10 14:01:12 [notice] 26717#0: exiting
2015/03/10 14:01:12 [notice] 26719#0: exit
2015/03/10 14:01:12 [notice] 26717#0: exit
2015/03/10 14:01:12 [notice] 26713#0: signal 15 (SIGTERM) received, exiting
2015/03/10 14:01:12 [notice] 26708#0: signal 17 (SIGCHLD) received
2015/03/10 14:01:12 [notice] 26708#0: worker process 26723 exited with code 0
2015/03/10 14:01:12 [notice] 26713#0: exiting
2015/03/10 14:01:12 [notice] 26708#0: signal 29 (SIGIO) received
2015/03/10 14:01:12 [notice] 26713#0: exit
2015/03/10 14:01:12 [notice] 26727#0: signal 15 (SIGTERM) received, exiting
2015/03/10 14:01:12 [notice] 26727#0: exiting
2015/03/10 14:01:12 [notice] 26708#0: signal 17 (SIGCHLD) received
2015/03/10 14:01:12 [notice] 26708#0: worker process 26719 exited with code 0
2015/03/10 14:01:12 [notice] 26728#0: signal 15 (SIGTERM) received, exiting
2015/03/10 14:01:12 [notice] 26708#0: signal 29 (SIGIO) received
2015/03/10 14:01:12 [notice] 26708#0: signal 17 (SIGCHLD) received
2015/03/10 14:01:12 [notice] 26708#0: worker process 26717 exited with code 0
2015/03/10 14:01:12 [notice] 26716#0: signal 15 (SIGTERM) received, exiting
2015/03/10 14:01:12 [notice] 26728#0: exiting
2015/03/10 14:01:12 [notice] 26708#0: signal 29 (SIGIO) received
2015/03/10 14:01:12 [notice] 26716#0: exiting
2015/03/10 14:01:12 [notice] 26728#0: exit
2015/03/10 14:01:12 [notice] 26727#0: exit
2015/03/10 14:01:12 [notice] 26716#0: exit
2015/03/10 14:01:12 [notice] 26708#0: signal 17 (SIGCHLD) received
2015/03/10 14:01:12 [notice] 26708#0: worker process 26713 exited with code 0
2015/03/10 14:01:12 [notice] 26708#0: signal 29 (SIGIO) received
2015/03/10 14:01:12 [notice] 26708#0: signal 17 (SIGCHLD) received
2015/03/10 14:01:12 [notice] 26721#0: signal 15 (SIGTERM) received, exiting
2015/03/10 14:01:12 [notice] 26708#0: worker process 26716 exited with code 0
2015/03/10 14:01:12 [notice] 26708#0: worker process 26728 exited with code 0
2015/03/10 14:01:12 [notice] 26722#0: signal 15 (SIGTERM) received, exiting
2015/03/10 14:01:12 [notice] 26721#0: exiting
2015/03/10 14:01:12 [notice] 26708#0: signal 29 (SIGIO) received
2015/03/10 14:01:12 [notice] 26722#0: exiting
2015/03/10 14:01:12 [notice] 26721#0: exit
2015/03/10 14:01:12 [notice] 26708#0: signal 17 (SIGCHLD) received
2015/03/10 14:01:12 [notice] 26708#0: worker process 26727 exited with code 0
2015/03/10 14:01:12 [notice] 26722#0: exit
2015/03/10 14:01:12 [notice] 26708#0: signal 29 (SIGIO) received
2015/03/10 14:01:12 [notice] 26726#0: signal 15 (SIGTERM) received, exiting
2015/03/10 14:01:12 [notice] 26726#0: exiting
2015/03/10 14:01:12 [notice] 26726#0: exit
2015/03/10 14:01:12 [notice] 26708#0: signal 17 (SIGCHLD) received
2015/03/10 14:01:12 [notice] 26718#0: signal 15 (SIGTERM) received, exiting
2015/03/10 14:01:12 [notice] 26708#0: worker process 26721 exited with code 0
2015/03/10 14:01:12 [notice] 26708#0: worker process 26722 exited with code 0
2015/03/10 14:01:12 [notice] 26718#0: exiting
2015/03/10 14:01:12 [notice] 26718#0: exit
2015/03/10 14:01:12 [notice] 26708#0: signal 29 (SIGIO) received
2015/03/10 14:01:12 [notice] 26708#0: signal 17 (SIGCHLD) received
2015/03/10 14:01:12 [notice] 26725#0: signal 15 (SIGTERM) received, exiting
2015/03/10 14:01:12 [notice] 26708#0: worker process 26726 exited with code 0
2015/03/10 14:01:12 [notice] 26708#0: signal 29 (SIGIO) received
2015/03/10 14:01:12 [notice] 26725#0: exiting
2015/03/10 14:01:12 [notice] 26725#0: exit
2015/03/10 14:01:12 [notice] 26708#0: signal 17 (SIGCHLD) received
2015/03/10 14:01:12 [notice] 26708#0: worker process 26718 exited with code 0
2015/03/10 14:01:12 [notice] 26708#0: signal 29 (SIGIO) received
2015/03/10 14:01:12 [notice] 26708#0: signal 17 (SIGCHLD) received
2015/03/10 14:01:12 [notice] 26708#0: worker process 26725 exited with code 0
2015/03/10 14:01:12 [notice] 26708#0: exit
